LogTime : 5:27:27 PM 
Module Name : Users (GetAllDrivers ())

Error Source : Core .Net SqlClient Data Provider
 
Error Message : Invalid object name 'Vehicles'.
 
Error Message GetMethod FullName : OnError
 
Error Message GetFileName : 
 
Error Message GetFileLineNumber : 0
 
 
 
======================================== 
 
LogTime : 5:34:25 PM 
Module Name : Users (GetAllDrivers ())

Error Source : Core .Net SqlClient Data Provider
 
Error Message : Invalid object name 'Vehicles'.
 
Error Message GetMethod FullName : OnError
 
Error Message GetFileName : 
 
Error Message GetFileLineNumber : 0
 
 
 
======================================== 
 
LogTime : 5:34:44 PM 
Module Name : Users (GetAllDrivers ())

Error Source : Core .Net SqlClient Data Provider
 
Error Message : Invalid object name 'Vehicles'.
 
Error Message GetMethod FullName : OnError
 
Error Message GetFileName : 
 
Error Message GetFileLineNumber : 0
 
 
 
======================================== 
 
LogTime : 5:35:14 PM 
Module Name : Users (GetAllDrivers ())

Error Source : Core .Net SqlClient Data Provider
 
Error Message : Invalid object name 'Vehicles'.
 
Error Message GetMethod FullName : OnError
 
Error Message GetFileName : 
 
Error Message GetFileLineNumber : 0
 
 
 
======================================== 
 
